<?xml version="1.0" encoding="UTF-8"?>
<!-- Generated by org.testng.reporters.JUnitXMLReporter -->
<testsuite ignored="0" hostname="VODINHHOI" failures="0" tests="4" name="UpdateUserInfoTest" time="5.721" errors="0" timestamp="2025-02-23T23:42:46 ICT">
  <testcase classname="com.poly.service.UpdateUserInfoTest" name="testUpdateUserInfo" time="0.013"/>
  <testcase classname="com.poly.service.UpdateUserInfoTest" name="testUpdateUserInfo" time="0.095"/>
  <testcase classname="com.poly.service.UpdateUserInfoTest" name="testUpdateUserInfo" time="0.002"/>
  <testcase classname="com.poly.service.UpdateUserInfoTest" name="testUpdateUserInfo" time="0.002"/>
</testsuite> <!-- UpdateUserInfoTest -->
