<?xml version="1.0" encoding="UTF-8"?>
<!-- Generated by org.testng.reporters.JUnitXMLReporter -->
<testsuite ignored="0" hostname="VODINHHOI" failures="0" tests="3" name="Default test" time="24.568" errors="0" timestamp="2025-03-03T14:58:45 ICT">
  <testcase classname="com.poly.selenium.CrudTest" name="testCreateCategory" time="9.742"/>
  <testcase classname="com.poly.selenium.CrudTest" name="testEditCategory" time="6.716"/>
  <testcase classname="com.poly.selenium.CrudTest" name="testEditThenDeleteCategory" time="5.094"/>
</testsuite> <!-- Default test -->
