<?xml version="1.0" encoding="UTF-8"?>
<testng-results ignored="0" total="3" passed="3" failed="0" skipped="0">
  <reporter-output>
  </reporter-output>
  <suite started-at="2025-03-03T14:58:21 ICT" name="Default suite" finished-at="2025-03-03T14:58:45 ICT" duration-ms="24568">
    <groups>
    </groups>
    <test started-at="2025-03-03T14:58:21 ICT" name="Default test" finished-at="2025-03-03T14:58:45 ICT" duration-ms="24568">
      <class name="com.poly.selenium.CrudTest">
        <test-method is-config="true" signature="setup()[pri:0, instance:com.poly.selenium.CrudTest@45b4c3a9]" started-at="2025-03-03T14:58:21 ICT" name="setup" finished-at="2025-03-03T14:58:23 ICT" duration-ms="2595" status="PASS">
          <reporter-output>
          </reporter-output>
        </test-method> <!-- setup -->
        <test-method signature="testCreateCategory()[pri:0, instance:com.poly.selenium.CrudTest@45b4c3a9]" started-at="2025-03-03T14:58:23 ICT" name="testCreateCategory" finished-at="2025-03-03T14:58:33 ICT" duration-ms="9742" status="PASS">
          <reporter-output>
          </reporter-output>
        </test-method> <!-- testCreateCategory -->
        <test-method signature="testEditCategory()[pri:2, instance:com.poly.selenium.CrudTest@45b4c3a9]" started-at="2025-03-03T14:58:33 ICT" name="testEditCategory" finished-at="2025-03-03T14:58:40 ICT" duration-ms="6716" status="PASS">
          <reporter-output>
          </reporter-output>
        </test-method> <!-- testEditCategory -->
        <test-method signature="testEditThenDeleteCategory()[pri:3, instance:com.poly.selenium.CrudTest@45b4c3a9]" started-at="2025-03-03T14:58:40 ICT" name="testEditThenDeleteCategory" finished-at="2025-03-03T14:58:45 ICT" duration-ms="5094" status="PASS">
          <reporter-output>
          </reporter-output>
        </test-method> <!-- testEditThenDeleteCategory -->
        <test-method is-config="true" signature="tearDown()[pri:0, instance:com.poly.selenium.CrudTest@45b4c3a9]" started-at="2025-03-03T14:58:45 ICT" name="tearDown" finished-at="2025-03-03T14:58:45 ICT" duration-ms="359" status="PASS">
          <reporter-output>
          </reporter-output>
        </test-method> <!-- tearDown -->
      </class> <!-- com.poly.selenium.CrudTest -->
    </test> <!-- Default test -->
  </suite> <!-- Default suite -->
</testng-results>
