<?xml version="1.0" encoding="UTF-8"?>
<!-- Generated by org.testng.reporters.JUnitXMLReporter -->
<testsuite ignored="0" hostname="VODINHHOI" failures="0" tests="3" name="ForgotPasswordTest" time="5.489" errors="0" timestamp="2025-02-23T23:37:17 ICT">
  <testcase classname="com.poly.service.ForgotPasswordTest" name="testForgotPassword" time="0.016"/>
  <testcase classname="com.poly.service.ForgotPasswordTest" name="testForgotPassword" time="0.002"/>
  <testcase classname="com.poly.service.ForgotPasswordTest" name="testForgotPassword" time="0.008"/>
</testsuite> <!-- ForgotPasswordTest -->
