<?xml version="1.0" encoding="UTF-8"?>
<!-- Generated by org.testng.reporters.JUnitXMLReporter -->
<testsuite ignored="0" hostname="VODINHHOI" failures="0" tests="4" name="RegistrationTest" time="7.672" errors="0" timestamp="2025-02-23T23:16:07 ICT">
  <testcase classname="com.poly.service.RegisterTest" name="testDuplicateEmail" time="0.014"/>
  <testcase classname="com.poly.service.RegisterTest" name="testEmailConfirmationSent" time="0.0"/>
  <testcase classname="com.poly.service.RegisterTest" name="testMissingInformation" time="0.004"/>
  <testcase classname="com.poly.service.RegisterTest" name="testValidRegistration" time="0.003"/>
</testsuite> <!-- RegistrationTest -->
