<?xml version="1.0" encoding="UTF-8"?>
<!-- Generated by org.testng.reporters.JUnitXMLReporter -->
<testsuite ignored="0" hostname="VODINHHOI" failures="3" tests="5" name="ChangePasswordTest" time="5.407" errors="0" timestamp="2025-02-23T23:57:43 ICT">
  <testcase classname="com.poly.service.ChangePasswordTest" name="testChangePassword" time="0.072"/>
  <testcase classname="com.poly.service.ChangePasswordTest" name="testChangePassword" time="0.006"/>
  <testcase classname="com.poly.service.ChangePasswordTest" name="testChangePassword" time="0.011">
    <failure type="java.lang.AssertionError" message="Kết quả không đúng! expected [Mật khẩu xác nhận không trùng khớp] but found [Sai mật khẩu cũ]">
      <![CDATA[java.lang.AssertionError: Kết quả không đúng! expected [Mật khẩu xác nhận không trùng khớp] but found [Sai mật khẩu cũ]
at com.poly.service.ChangePasswordTest.testChangePassword(ChangePasswordTest.java:40)
at java.base/java.util.ArrayList.forEach(ArrayList.java:1596)
... Removed 30 stack frames]]>
    </failure>
  </testcase> <!-- testChangePassword -->
  <testcase classname="com.poly.service.ChangePasswordTest" name="testChangePassword" time="0.005">
    <failure type="java.lang.AssertionError" message="Kết quả không đúng! expected [Vui lòng nhập mật khẩu mới] but found [Sai mật khẩu cũ]">
      <![CDATA[java.lang.AssertionError: Kết quả không đúng! expected [Vui lòng nhập mật khẩu mới] but found [Sai mật khẩu cũ]
at com.poly.service.ChangePasswordTest.testChangePassword(ChangePasswordTest.java:40)
at java.base/java.util.ArrayList.forEach(ArrayList.java:1596)
... Removed 30 stack frames]]>
    </failure>
  </testcase> <!-- testChangePassword -->
  <testcase classname="com.poly.service.ChangePasswordTest" name="testChangePassword" time="0.006">
    <failure type="java.lang.AssertionError" message="Kết quả không đúng! expected [Mật khẩu mới không được trùng mật khẩu cũ] but found [Sai mật khẩu cũ]">
      <![CDATA[java.lang.AssertionError: Kết quả không đúng! expected [Mật khẩu mới không được trùng mật khẩu cũ] but found [Sai mật khẩu cũ]
at com.poly.service.ChangePasswordTest.testChangePassword(ChangePasswordTest.java:40)
at java.base/java.util.ArrayList.forEach(ArrayList.java:1596)
... Removed 30 stack frames]]>
    </failure>
  </testcase> <!-- testChangePassword -->
</testsuite> <!-- ChangePasswordTest -->
